# JRE version: OpenJDK Runtime Environment (21.0.5) (build 21.0.5+-12932927-b750.29)
# Java VM: OpenJDK 64-Bit Server VM (21.0.5+-12932927-b750.29, mixed mode, tiered, compressed oops, compressed class ptrs, g1 gc, windows-amd64)
GC Precious Log:
 CardTable entry size: 512
 Card Set container configuration: InlinePtr #cards 5 size 8 Array Of Cards #cards 12 size 40 Howl #buckets 4 coarsen threshold 1843 Howl Bitmap #cards 512 size 80 coarsen threshold 460 Card regions per heap region 1 cards per card region 2048
 CPUs: 4 total, 4 available
 Memory: 10126M
 Large Page Support: Disabled
 NUMA Support: Disabled
 Compressed Oops: Enabled (32-bit)
 Heap Region Size: 1M
 Heap Min Capacity: 8M
 Heap Initial Capacity: 160M
 Heap Max Capacity: 1536M
 Pre-touch: Disabled
 Parallel Workers: 4
 Concurrent Workers: 1
 Concurrent Refinement Workers: 4
 Periodic GC: Disabled
Heap:
 garbage-first heap   total 155648K, used 135388K [0x00000000a0000000, 0x0000000100000000)
  region size 1024K, 43 young (44032K), 4 survivors (4096K)
 Metaspace       used 97910K, committed 99968K, reserved 1179648K
  class space    used 13227K, committed 14272K, reserved 1048576K
GC Heap History (20 events):
Event: 24.145 GC heap before
{Heap before GC invocations=26 (full 0):
 garbage-first heap   total 122880K, used 103531K [0x00000000a0000000, 0x0000000100000000)
  region size 1024K, 33 young (33792K), 1 survivors (1024K)
 Metaspace       used 69457K, committed 71040K, reserved 1114112K
  class space    used 9191K, committed 9984K, reserved 1048576K
}
Event: 24.149 GC heap after
{Heap after GC invocations=27 (full 0):
 garbage-first heap   total 122880K, used 72633K [0x00000000a0000000, 0x0000000100000000)
  region size 1024K, 2 young (2048K), 2 survivors (2048K)
 Metaspace       used 69457K, committed 71040K, reserved 1114112K
  class space    used 9191K, committed 9984K, reserved 1048576K
}
Event: 24.818 GC heap before
{Heap before GC invocations=27 (full 0):
 garbage-first heap   total 122880K, used 97209K [0x00000000a0000000, 0x0000000100000000)
  region size 1024K, 27 young (27648K), 2 survivors (2048K)
 Metaspace       used 72893K, committed 74688K, reserved 1114112K
  class space    used 9687K, committed 10624K, reserved 1048576K
}
Event: 24.825 GC heap after
{Heap after GC invocations=28 (full 0):
 garbage-first heap   total 122880K, used 75180K [0x00000000a0000000, 0x0000000100000000)
  region size 1024K, 5 young (5120K), 5 survivors (5120K)
 Metaspace       used 72893K, committed 74688K, reserved 1114112K
  class space    used 9687K, committed 10624K, reserved 1048576K
}
Event: 25.870 GC heap before
{Heap before GC invocations=29 (full 0):
 garbage-first heap   total 135168K, used 113068K [0x00000000a0000000, 0x0000000100000000)
  region size 1024K, 37 young (37888K), 5 survivors (5120K)
 Metaspace       used 74768K, committed 76608K, reserved 1179648K
  class space    used 9938K, committed 10880K, reserved 1048576K
}
Event: 25.880 GC heap after
{Heap after GC invocations=30 (full 0):
 garbage-first heap   total 135168K, used 79098K [0x00000000a0000000, 0x0000000100000000)
  region size 1024K, 5 young (5120K), 5 survivors (5120K)
 Metaspace       used 74768K, committed 76608K, reserved 1179648K
  class space    used 9938K, committed 10880K, reserved 1048576K
}
Event: 27.104 GC heap before
{Heap before GC invocations=30 (full 0):
 garbage-first heap   total 135168K, used 115962K [0x00000000a0000000, 0x0000000100000000)
  region size 1024K, 41 young (41984K), 5 survivors (5120K)
 Metaspace       used 78573K, committed 80384K, reserved 1179648K
  class space    used 10431K, committed 11392K, reserved 1048576K
}
Event: 27.118 GC heap after
{Heap after GC invocations=31 (full 0):
 garbage-first heap   total 135168K, used 80881K [0x00000000a0000000, 0x0000000100000000)
  region size 1024K, 3 young (3072K), 3 survivors (3072K)
 Metaspace       used 78573K, committed 80384K, reserved 1179648K
  class space    used 10431K, committed 11392K, reserved 1048576K
}
Event: 27.543 GC heap before
{Heap before GC invocations=31 (full 0):
 garbage-first heap   total 135168K, used 90097K [0x00000000a0000000, 0x0000000100000000)
  region size 1024K, 13 young (13312K), 3 survivors (3072K)
 Metaspace       used 79777K, committed 81600K, reserved 1179648K
  class space    used 10587K, committed 11520K, reserved 1048576K
}
Event: 27.549 GC heap after
{Heap after GC invocations=32 (full 0):
 garbage-first heap   total 135168K, used 81334K [0x00000000a0000000, 0x0000000100000000)
  region size 1024K, 3 young (3072K), 3 survivors (3072K)
 Metaspace       used 79777K, committed 81600K, reserved 1179648K
  class space    used 10587K, committed 11520K, reserved 1048576K
}
Event: 28.692 GC heap before
{Heap before GC invocations=33 (full 0):
 garbage-first heap   total 143360K, used 123318K [0x00000000a0000000, 0x0000000100000000)
  region size 1024K, 40 young (40960K), 3 survivors (3072K)
 Metaspace       used 84441K, committed 86272K, reserved 1179648K
  class space    used 11208K, committed 12160K, reserved 1048576K
}
Event: 28.701 GC heap after
{Heap after GC invocations=34 (full 0):
 garbage-first heap   total 143360K, used 87663K [0x00000000a0000000, 0x0000000100000000)
  region size 1024K, 5 young (5120K), 5 survivors (5120K)
 Metaspace       used 84441K, committed 86272K, reserved 1179648K
  class space    used 11208K, committed 12160K, reserved 1048576K
}
Event: 29.931 GC heap before
{Heap before GC invocations=34 (full 0):
 garbage-first heap   total 143360K, used 127599K [0x00000000a0000000, 0x0000000100000000)
  region size 1024K, 44 young (45056K), 5 survivors (5120K)
 Metaspace       used 86878K, committed 88704K, reserved 1179648K
  class space    used 11530K, committed 12480K, reserved 1048576K
}
Event: 29.951 GC heap after
{Heap after GC invocations=35 (full 0):
 garbage-first heap   total 143360K, used 89936K [0x00000000a0000000, 0x0000000100000000)
  region size 1024K, 6 young (6144K), 6 survivors (6144K)
 Metaspace       used 86878K, committed 88704K, reserved 1179648K
  class space    used 11530K, committed 12480K, reserved 1048576K
}
Event: 31.175 GC heap before
{Heap before GC invocations=35 (full 0):
 garbage-first heap   total 143360K, used 128848K [0x00000000a0000000, 0x0000000100000000)
  region size 1024K, 44 young (45056K), 6 survivors (6144K)
 Metaspace       used 87867K, committed 89792K, reserved 1179648K
  class space    used 11656K, committed 12608K, reserved 1048576K
}
Event: 31.196 GC heap after
{Heap after GC invocations=36 (full 0):
 garbage-first heap   total 143360K, used 92690K [0x00000000a0000000, 0x0000000100000000)
  region size 1024K, 6 young (6144K), 6 survivors (6144K)
 Metaspace       used 87867K, committed 89792K, reserved 1179648K
  class space    used 11656K, committed 12608K, reserved 1048576K
}
Event: 32.922 GC heap before
{Heap before GC invocations=37 (full 0):
 garbage-first heap   total 155648K, used 128530K [0x00000000a0000000, 0x0000000100000000)
  region size 1024K, 40 young (40960K), 6 survivors (6144K)
 Metaspace       used 90632K, committed 92544K, reserved 1179648K
  class space    used 12061K, committed 13056K, reserved 1048576K
}
Event: 32.936 GC heap after
{Heap after GC invocations=38 (full 0):
 garbage-first heap   total 155648K, used 94311K [0x00000000a0000000, 0x0000000100000000)
  region size 1024K, 2 young (2048K), 2 survivors (2048K)
 Metaspace       used 90632K, committed 92544K, reserved 1179648K
  class space    used 12061K, committed 13056K, reserved 1048576K
}
Event: 34.704 GC heap before
{Heap before GC invocations=38 (full 0):
 garbage-first heap   total 155648K, used 140391K [0x00000000a0000000, 0x0000000100000000)
  region size 1024K, 47 young (48128K), 2 survivors (2048K)
 Metaspace       used 94653K, committed 96576K, reserved 1179648K
  class space    used 12750K, committed 13760K, reserved 1048576K
}
Event: 34.717 GC heap after
{Heap after GC invocations=39 (full 0):
 garbage-first heap   total 155648K, used 96476K [0x00000000a0000000, 0x0000000100000000)
  region size 1024K, 4 young (4096K), 4 survivors (4096K)
 Metaspace       used 94653K, committed 96576K, reserved 1179648K
  class space    used 12750K, committed 13760K, reserved 1048576K
}

