# JRE version: OpenJDK Runtime Environment (21.0.5) (build 21.0.5+-12932927-b750.29)
# Java VM: OpenJDK 64-Bit Server VM (21.0.5+-12932927-b750.29, mixed mode, tiered, compressed oops, compressed class ptrs, g1 gc, windows-amd64)
GC Precious Log:
 CardTable entry size: 512
 Card Set container configuration: InlinePtr #cards 5 size 8 Array Of Cards #cards 12 size 40 Howl #buckets 4 coarsen threshold 1843 Howl Bitmap #cards 512 size 80 coarsen threshold 460 Card regions per heap region 1 cards per card region 2048
 CPUs: 4 total, 4 available
 Memory: 10126M
 Large Page Support: Disabled
 NUMA Support: Disabled
 Compressed Oops: Enabled (32-bit)
 Heap Region Size: 1M
 Heap Min Capacity: 8M
 Heap Initial Capacity: 160M
 Heap Max Capacity: 1536M
 Pre-touch: Disabled
 Parallel Workers: 4
 Concurrent Workers: 1
 Concurrent Refinement Workers: 4
 Periodic GC: Disabled
Heap:
 garbage-first heap   total 167936K, used 108465K [0x00000000a0000000, 0x0000000100000000)
  region size 1024K, 5 young (5120K), 4 survivors (4096K)
 Metaspace       used 108386K, committed 110528K, reserved 1179648K
  class space    used 14742K, committed 15808K, reserved 1048576K
GC Heap History (20 events):
Event: 32.695 GC heap before
{Heap before GC invocations=29 (full 0):
 garbage-first heap   total 133120K, used 86666K [0x00000000a0000000, 0x0000000100000000)
  region size 1024K, 9 young (9216K), 3 survivors (3072K)
 Metaspace       used 79796K, committed 81536K, reserved 1179648K
  class space    used 10582K, committed 11456K, reserved 1048576K
}
Event: 32.700 GC heap after
{Heap after GC invocations=30 (full 0):
 garbage-first heap   total 133120K, used 81594K [0x00000000a0000000, 0x0000000100000000)
  region size 1024K, 3 young (3072K), 3 survivors (3072K)
 Metaspace       used 79796K, committed 81536K, reserved 1179648K
  class space    used 10582K, committed 11456K, reserved 1048576K
}
Event: 33.857 GC heap before
{Heap before GC invocations=31 (full 0):
 garbage-first heap   total 143360K, used 125626K [0x00000000a0000000, 0x0000000100000000)
  region size 1024K, 42 young (43008K), 3 survivors (3072K)
 Metaspace       used 84574K, committed 86336K, reserved 1179648K
  class space    used 11210K, committed 12096K, reserved 1048576K
}
Event: 33.866 GC heap after
{Heap after GC invocations=32 (full 0):
 garbage-first heap   total 143360K, used 88064K [0x00000000a0000000, 0x0000000100000000)
  region size 1024K, 5 young (5120K), 5 survivors (5120K)
 Metaspace       used 84574K, committed 86336K, reserved 1179648K
  class space    used 11210K, committed 12096K, reserved 1048576K
}
Event: 34.816 GC heap before
{Heap before GC invocations=32 (full 0):
 garbage-first heap   total 143360K, used 130048K [0x00000000a0000000, 0x0000000100000000)
  region size 1024K, 46 young (47104K), 5 survivors (5120K)
 Metaspace       used 86876K, committed 88704K, reserved 1179648K
  class space    used 11522K, committed 12416K, reserved 1048576K
}
Event: 34.830 GC heap after
{Heap after GC invocations=33 (full 0):
 garbage-first heap   total 143360K, used 89954K [0x00000000a0000000, 0x0000000100000000)
  region size 1024K, 6 young (6144K), 6 survivors (6144K)
 Metaspace       used 86876K, committed 88704K, reserved 1179648K
  class space    used 11522K, committed 12416K, reserved 1048576K
}
Event: 35.759 GC heap before
{Heap before GC invocations=33 (full 0):
 garbage-first heap   total 143360K, used 128866K [0x00000000a0000000, 0x0000000100000000)
  region size 1024K, 44 young (45056K), 6 survivors (6144K)
 Metaspace       used 88289K, committed 90112K, reserved 1179648K
  class space    used 11695K, committed 12608K, reserved 1048576K
}
Event: 35.772 GC heap after
{Heap after GC invocations=34 (full 0):
 garbage-first heap   total 143360K, used 92474K [0x00000000a0000000, 0x0000000100000000)
  region size 1024K, 6 young (6144K), 6 survivors (6144K)
 Metaspace       used 88289K, committed 90112K, reserved 1179648K
  class space    used 11695K, committed 12608K, reserved 1048576K
}
Event: 36.888 GC heap before
{Heap before GC invocations=35 (full 0):
 garbage-first heap   total 157696K, used 127290K [0x00000000a0000000, 0x0000000100000000)
  region size 1024K, 39 young (39936K), 6 survivors (6144K)
 Metaspace       used 90905K, committed 92800K, reserved 1179648K
  class space    used 12105K, committed 13120K, reserved 1048576K
}
Event: 36.900 GC heap after
{Heap after GC invocations=36 (full 0):
 garbage-first heap   total 157696K, used 94239K [0x00000000a0000000, 0x0000000100000000)
  region size 1024K, 2 young (2048K), 2 survivors (2048K)
 Metaspace       used 90905K, committed 92800K, reserved 1179648K
  class space    used 12105K, committed 13120K, reserved 1048576K
}
Event: 38.056 GC heap before
{Heap before GC invocations=36 (full 0):
 garbage-first heap   total 157696K, used 143391K [0x00000000a0000000, 0x0000000100000000)
  region size 1024K, 50 young (51200K), 2 survivors (2048K)
 Metaspace       used 95172K, committed 97152K, reserved 1179648K
  class space    used 12830K, committed 13824K, reserved 1048576K
}
Event: 38.067 GC heap after
{Heap after GC invocations=37 (full 0):
 garbage-first heap   total 157696K, used 96219K [0x00000000a0000000, 0x0000000100000000)
  region size 1024K, 4 young (4096K), 4 survivors (4096K)
 Metaspace       used 95172K, committed 97152K, reserved 1179648K
  class space    used 12830K, committed 13824K, reserved 1048576K
}
Event: 39.575 GC heap before
{Heap before GC invocations=37 (full 0):
 garbage-first heap   total 157696K, used 143323K [0x00000000a0000000, 0x0000000100000000)
  region size 1024K, 50 young (51200K), 4 survivors (4096K)
 Metaspace       used 98852K, committed 100928K, reserved 1179648K
  class space    used 13351K, committed 14400K, reserved 1048576K
}
Event: 39.591 GC heap after
{Heap after GC invocations=38 (full 0):
 garbage-first heap   total 157696K, used 99417K [0x00000000a0000000, 0x0000000100000000)
  region size 1024K, 7 young (7168K), 7 survivors (7168K)
 Metaspace       used 98852K, committed 100928K, reserved 1179648K
  class space    used 13351K, committed 14400K, reserved 1048576K
}
Event: 41.069 GC heap before
{Heap before GC invocations=39 (full 0):
 garbage-first heap   total 167936K, used 140377K [0x00000000a0000000, 0x0000000100000000)
  region size 1024K, 47 young (48128K), 7 survivors (7168K)
 Metaspace       used 102104K, committed 104128K, reserved 1179648K
  class space    used 13896K, committed 14912K, reserved 1048576K
}
Event: 41.086 GC heap after
{Heap after GC invocations=40 (full 0):
 garbage-first heap   total 167936K, used 101003K [0x00000000a0000000, 0x0000000100000000)
  region size 1024K, 5 young (5120K), 5 survivors (5120K)
 Metaspace       used 102104K, committed 104128K, reserved 1179648K
  class space    used 13896K, committed 14912K, reserved 1048576K
}
Event: 44.389 GC heap before
{Heap before GC invocations=40 (full 0):
 garbage-first heap   total 167936K, used 153227K [0x00000000a0000000, 0x0000000100000000)
  region size 1024K, 56 young (57344K), 5 survivors (5120K)
 Metaspace       used 106416K, committed 108480K, reserved 1179648K
  class space    used 14441K, committed 15488K, reserved 1048576K
}
Event: 44.411 GC heap after
{Heap after GC invocations=41 (full 0):
 garbage-first heap   total 167936K, used 105159K [0x00000000a0000000, 0x0000000100000000)
  region size 1024K, 7 young (7168K), 7 survivors (7168K)
 Metaspace       used 106416K, committed 108480K, reserved 1179648K
  class space    used 14441K, committed 15488K, reserved 1048576K
}
Event: 49.648 GC heap before
{Heap before GC invocations=41 (full 0):
 garbage-first heap   total 167936K, used 149191K [0x00000000a0000000, 0x0000000100000000)
  region size 1024K, 51 young (52224K), 7 survivors (7168K)
 Metaspace       used 108386K, committed 110528K, reserved 1179648K
  class space    used 14742K, committed 15808K, reserved 1048576K
}
Event: 49.674 GC heap after
{Heap after GC invocations=42 (full 0):
 garbage-first heap   total 167936K, used 108465K [0x00000000a0000000, 0x0000000100000000)
  region size 1024K, 4 young (4096K), 4 survivors (4096K)
 Metaspace       used 108386K, committed 110528K, reserved 1179648K
  class space    used 14742K, committed 15808K, reserved 1048576K
}

