# JRE version: OpenJDK Runtime Environment (21.0.5) (build 21.0.5+-12932927-b750.29)
# Java VM: OpenJDK 64-Bit Server VM (21.0.5+-12932927-b750.29, mixed mode, tiered, compressed oops, compressed class ptrs, g1 gc, windows-amd64)
GC Precious Log:
 CardTable entry size: 512
 Card Set container configuration: InlinePtr #cards 5 size 8 Array Of Cards #cards 12 size 40 Howl #buckets 4 coarsen threshold 1843 Howl Bitmap #cards 512 size 80 coarsen threshold 460 Card regions per heap region 1 cards per card region 2048
 CPUs: 4 total, 4 available
 Memory: 10126M
 Large Page Support: Disabled
 NUMA Support: Disabled
 Compressed Oops: Enabled (32-bit)
 Heap Region Size: 1M
 Heap Min Capacity: 8M
 Heap Initial Capacity: 160M
 Heap Max Capacity: 1536M
 Pre-touch: Disabled
 Parallel Workers: 4
 Concurrent Workers: 1
 Concurrent Refinement Workers: 4
 Periodic GC: Disabled
Heap:
 garbage-first heap   total 155648K, used 95374K [0x00000000a0000000, 0x0000000100000000)
  region size 1024K, 5 young (5120K), 5 survivors (5120K)
 Metaspace       used 91694K, committed 93568K, reserved 1179648K
  class space    used 12270K, committed 13248K, reserved 1048576K
GC Heap History (20 events):
Event: 22.783 GC heap after
{Heap after GC invocations=26 (full 0):
 garbage-first heap   total 102400K, used 70273K [0x00000000a0000000, 0x0000000100000000)
  region size 1024K, 4 young (4096K), 4 survivors (4096K)
 Metaspace       used 63474K, committed 65088K, reserved 1114112K
  class space    used 8495K, committed 9280K, reserved 1048576K
}
Event: 23.351 GC heap before
{Heap before GC invocations=26 (full 0):
 garbage-first heap   total 102400K, used 92801K [0x00000000a0000000, 0x0000000100000000)
  region size 1024K, 26 young (26624K), 4 survivors (4096K)
 Metaspace       used 65606K, committed 67200K, reserved 1114112K
  class space    used 8770K, committed 9536K, reserved 1048576K
}
Event: 23.358 GC heap after
{Heap after GC invocations=27 (full 0):
 garbage-first heap   total 122880K, used 72289K [0x00000000a0000000, 0x0000000100000000)
  region size 1024K, 1 young (1024K), 1 survivors (1024K)
 Metaspace       used 65606K, committed 67200K, reserved 1114112K
  class space    used 8770K, committed 9536K, reserved 1048576K
}
Event: 24.106 GC heap before
{Heap before GC invocations=27 (full 0):
 garbage-first heap   total 122880K, used 104033K [0x00000000a0000000, 0x0000000100000000)
  region size 1024K, 33 young (33792K), 1 survivors (1024K)
 Metaspace       used 69506K, committed 71232K, reserved 1114112K
  class space    used 9196K, committed 10048K, reserved 1048576K
}
Event: 24.112 GC heap after
{Heap after GC invocations=28 (full 0):
 garbage-first heap   total 122880K, used 73094K [0x00000000a0000000, 0x0000000100000000)
  region size 1024K, 2 young (2048K), 2 survivors (2048K)
 Metaspace       used 69506K, committed 71232K, reserved 1114112K
  class space    used 9196K, committed 10048K, reserved 1048576K
}
Event: 25.282 GC heap before
{Heap before GC invocations=29 (full 0):
 garbage-first heap   total 122880K, used 110982K [0x00000000a0000000, 0x0000000100000000)
  region size 1024K, 35 young (35840K), 2 survivors (2048K)
 Metaspace       used 72828K, committed 74560K, reserved 1114112K
  class space    used 9696K, committed 10560K, reserved 1048576K
}
Event: 25.297 GC heap after
{Heap after GC invocations=30 (full 0):
 garbage-first heap   total 122880K, used 82685K [0x00000000a0000000, 0x0000000100000000)
  region size 1024K, 5 young (5120K), 5 survivors (5120K)
 Metaspace       used 72828K, committed 74560K, reserved 1114112K
  class space    used 9696K, committed 10560K, reserved 1048576K
}
Event: 26.391 GC heap before
{Heap before GC invocations=30 (full 0):
 garbage-first heap   total 122880K, used 110333K [0x00000000a0000000, 0x0000000100000000)
  region size 1024K, 31 young (31744K), 5 survivors (5120K)
 Metaspace       used 75029K, committed 76800K, reserved 1179648K
  class space    used 9978K, committed 10880K, reserved 1048576K
}
Event: 26.405 GC heap after
{Heap after GC invocations=31 (full 0):
 garbage-first heap   total 122880K, used 82189K [0x00000000a0000000, 0x0000000100000000)
  region size 1024K, 2 young (2048K), 2 survivors (2048K)
 Metaspace       used 75029K, committed 76800K, reserved 1179648K
  class space    used 9978K, committed 10880K, reserved 1048576K
}
Event: 27.522 GC heap before
{Heap before GC invocations=31 (full 0):
 garbage-first heap   total 122880K, used 109837K [0x00000000a0000000, 0x0000000100000000)
  region size 1024K, 29 young (29696K), 2 survivors (2048K)
 Metaspace       used 77253K, committed 78976K, reserved 1179648K
  class space    used 10266K, committed 11136K, reserved 1048576K
}
Event: 27.529 GC heap after
{Heap after GC invocations=32 (full 0):
 garbage-first heap   total 122880K, used 83471K [0x00000000a0000000, 0x0000000100000000)
  region size 1024K, 4 young (4096K), 4 survivors (4096K)
 Metaspace       used 77253K, committed 78976K, reserved 1179648K
  class space    used 10266K, committed 11136K, reserved 1048576K
}
Event: 28.626 GC heap before
{Heap before GC invocations=33 (full 0):
 garbage-first heap   total 140288K, used 111119K [0x00000000a0000000, 0x0000000100000000)
  region size 1024K, 29 young (29696K), 4 survivors (4096K)
 Metaspace       used 80530K, committed 82368K, reserved 1179648K
  class space    used 10698K, committed 11648K, reserved 1048576K
}
Event: 28.636 GC heap after
{Heap after GC invocations=34 (full 0):
 garbage-first heap   total 140288K, used 88202K [0x00000000a0000000, 0x0000000100000000)
  region size 1024K, 4 young (4096K), 4 survivors (4096K)
 Metaspace       used 80530K, committed 82368K, reserved 1179648K
  class space    used 10698K, committed 11648K, reserved 1048576K
}
Event: 30.151 GC heap before
{Heap before GC invocations=34 (full 0):
 garbage-first heap   total 140288K, used 125066K [0x00000000a0000000, 0x0000000100000000)
  region size 1024K, 41 young (41984K), 4 survivors (4096K)
 Metaspace       used 85166K, committed 86976K, reserved 1179648K
  class space    used 11301K, committed 12224K, reserved 1048576K
}
Event: 30.161 GC heap after
{Heap after GC invocations=35 (full 0):
 garbage-first heap   total 140288K, used 89356K [0x00000000a0000000, 0x0000000100000000)
  region size 1024K, 6 young (6144K), 6 survivors (6144K)
 Metaspace       used 85166K, committed 86976K, reserved 1179648K
  class space    used 11301K, committed 12224K, reserved 1048576K
}
Event: 30.977 GC heap before
{Heap before GC invocations=35 (full 0):
 garbage-first heap   total 140288K, used 125196K [0x00000000a0000000, 0x0000000100000000)
  region size 1024K, 41 young (41984K), 6 survivors (6144K)
 Metaspace       used 86865K, committed 88704K, reserved 1179648K
  class space    used 11538K, committed 12480K, reserved 1048576K
}
Event: 30.989 GC heap after
{Heap after GC invocations=36 (full 0):
 garbage-first heap   total 140288K, used 91435K [0x00000000a0000000, 0x0000000100000000)
  region size 1024K, 5 young (5120K), 5 survivors (5120K)
 Metaspace       used 86865K, committed 88704K, reserved 1179648K
  class space    used 11538K, committed 12480K, reserved 1048576K
}
Event: 31.875 GC heap before
{Heap before GC invocations=37 (full 0):
 garbage-first heap   total 155648K, used 124203K [0x00000000a0000000, 0x0000000100000000)
  region size 1024K, 37 young (37888K), 5 survivors (5120K)
 Metaspace       used 87755K, committed 89664K, reserved 1179648K
  class space    used 11655K, committed 12608K, reserved 1048576K
}
Event: 31.889 GC heap after
{Heap after GC invocations=38 (full 0):
 garbage-first heap   total 155648K, used 94168K [0x00000000a0000000, 0x0000000100000000)
  region size 1024K, 5 young (5120K), 5 survivors (5120K)
 Metaspace       used 87755K, committed 89664K, reserved 1179648K
  class space    used 11655K, committed 12608K, reserved 1048576K
}
Event: 33.099 GC heap before
{Heap before GC invocations=38 (full 0):
 garbage-first heap   total 155648K, used 142296K [0x00000000a0000000, 0x0000000100000000)
  region size 1024K, 51 young (52224K), 5 survivors (5120K)
 Metaspace       used 91694K, committed 93568K, reserved 1179648K
  class space    used 12270K, committed 13248K, reserved 1048576K
}

