# JRE version: OpenJDK Runtime Environment (21.0.5) (build 21.0.5+-12932927-b750.29)
# Java VM: OpenJDK 64-Bit Server VM (21.0.5+-12932927-b750.29, mixed mode, tiered, compressed oops, compressed class ptrs, g1 gc, windows-amd64)
GC Precious Log:
 CardTable entry size: 512
 Card Set container configuration: InlinePtr #cards 5 size 8 Array Of Cards #cards 12 size 40 Howl #buckets 4 coarsen threshold 1843 Howl Bitmap #cards 512 size 80 coarsen threshold 460 Card regions per heap region 1 cards per card region 2048
 CPUs: 4 total, 4 available
 Memory: 10126M
 Large Page Support: Disabled
 NUMA Support: Disabled
 Compressed Oops: Enabled (32-bit)
 Heap Region Size: 1M
 Heap Min Capacity: 8M
 Heap Initial Capacity: 160M
 Heap Max Capacity: 1536M
 Pre-touch: Disabled
 Parallel Workers: 4
 Concurrent Workers: 1
 Concurrent Refinement Workers: 4
 Periodic GC: Disabled
Heap:
 garbage-first heap   total 153600K, used 97809K [0x00000000a0000000, 0x0000000100000000)
  region size 1024K, 12 young (12288K), 5 survivors (5120K)
 Metaspace       used 86891K, committed 88704K, reserved 1179648K
  class space    used 11525K, committed 12480K, reserved 1048576K
GC Heap History (20 events):
Event: 21.677 GC heap before
{Heap before GC invocations=22 (full 0):
 garbage-first heap   total 84992K, used 74635K [0x00000000a0000000, 0x0000000100000000)
  region size 1024K, 30 young (30720K), 3 survivors (3072K)
 Metaspace       used 61956K, committed 63616K, reserved 1114112K
  class space    used 8304K, committed 9152K, reserved 1048576K
}
Event: 21.683 GC heap after
{Heap after GC invocations=23 (full 0):
 garbage-first heap   total 84992K, used 49312K [0x00000000a0000000, 0x0000000100000000)
  region size 1024K, 4 young (4096K), 4 survivors (4096K)
 Metaspace       used 61956K, committed 63616K, reserved 1114112K
  class space    used 8304K, committed 9152K, reserved 1048576K
}
Event: 22.443 GC heap before
{Heap before GC invocations=24 (full 0):
 garbage-first heap   total 92160K, used 88224K [0x00000000a0000000, 0x0000000100000000)
  region size 1024K, 29 young (29696K), 4 survivors (4096K)
 Metaspace       used 63183K, committed 64832K, reserved 1114112K
  class space    used 8469K, committed 9280K, reserved 1048576K
}
Event: 22.454 GC heap after
{Heap after GC invocations=25 (full 0):
 garbage-first heap   total 101376K, used 69967K [0x00000000a0000000, 0x0000000100000000)
  region size 1024K, 4 young (4096K), 4 survivors (4096K)
 Metaspace       used 63183K, committed 64832K, reserved 1114112K
  class space    used 8469K, committed 9280K, reserved 1048576K
}
Event: 22.962 GC heap before
{Heap before GC invocations=25 (full 0):
 garbage-first heap   total 101376K, used 90447K [0x00000000a0000000, 0x0000000100000000)
  region size 1024K, 24 young (24576K), 4 survivors (4096K)
 Metaspace       used 65005K, committed 66688K, reserved 1114112K
  class space    used 8691K, committed 9536K, reserved 1048576K
}
Event: 22.970 GC heap after
{Heap after GC invocations=26 (full 0):
 garbage-first heap   total 101376K, used 72200K [0x00000000a0000000, 0x0000000100000000)
  region size 1024K, 2 young (2048K), 2 survivors (2048K)
 Metaspace       used 65005K, committed 66688K, reserved 1114112K
  class space    used 8691K, committed 9536K, reserved 1048576K
}
Event: 23.679 GC heap before
{Heap before GC invocations=26 (full 0):
 garbage-first heap   total 101376K, used 91656K [0x00000000a0000000, 0x0000000100000000)
  region size 1024K, 22 young (22528K), 2 survivors (2048K)
 Metaspace       used 67246K, committed 68928K, reserved 1114112K
  class space    used 8920K, committed 9792K, reserved 1048576K
}
Event: 23.684 GC heap after
{Heap after GC invocations=27 (full 0):
 garbage-first heap   total 121856K, used 72407K [0x00000000a0000000, 0x0000000100000000)
  region size 1024K, 2 young (2048K), 2 survivors (2048K)
 Metaspace       used 67246K, committed 68928K, reserved 1114112K
  class space    used 8920K, committed 9792K, reserved 1048576K
}
Event: 24.575 GC heap before
{Heap before GC invocations=28 (full 0):
 garbage-first heap   total 121856K, used 110295K [0x00000000a0000000, 0x0000000100000000)
  region size 1024K, 40 young (40960K), 2 survivors (2048K)
 Metaspace       used 71586K, committed 73344K, reserved 1114112K
  class space    used 9545K, committed 10432K, reserved 1048576K
}
Event: 24.583 GC heap after
{Heap after GC invocations=29 (full 0):
 garbage-first heap   total 121856K, used 74602K [0x00000000a0000000, 0x0000000100000000)
  region size 1024K, 4 young (4096K), 4 survivors (4096K)
 Metaspace       used 71586K, committed 73344K, reserved 1114112K
  class space    used 9545K, committed 10432K, reserved 1048576K
}
Event: 25.610 GC heap before
{Heap before GC invocations=29 (full 0):
 garbage-first heap   total 121856K, used 115562K [0x00000000a0000000, 0x0000000100000000)
  region size 1024K, 39 young (39936K), 4 survivors (4096K)
 Metaspace       used 74668K, committed 76416K, reserved 1179648K
  class space    used 9918K, committed 10816K, reserved 1048576K
}
Event: 25.836 GC heap after
{Heap after GC invocations=30 (full 0):
 garbage-first heap   total 125952K, used 79122K [0x00000000a0000000, 0x0000000100000000)
  region size 1024K, 5 young (5120K), 5 survivors (5120K)
 Metaspace       used 74668K, committed 76416K, reserved 1179648K
  class space    used 9918K, committed 10816K, reserved 1048576K
}
Event: 27.353 GC heap before
{Heap before GC invocations=30 (full 0):
 garbage-first heap   total 125952K, used 112914K [0x00000000a0000000, 0x0000000100000000)
  region size 1024K, 38 young (38912K), 5 survivors (5120K)
 Metaspace       used 77361K, committed 79168K, reserved 1179648K
  class space    used 10277K, committed 11200K, reserved 1048576K
}
Event: 27.366 GC heap after
{Heap after GC invocations=31 (full 0):
 garbage-first heap   total 125952K, used 81560K [0x00000000a0000000, 0x0000000100000000)
  region size 1024K, 2 young (2048K), 2 survivors (2048K)
 Metaspace       used 77361K, committed 79168K, reserved 1179648K
  class space    used 10277K, committed 11200K, reserved 1048576K
}
Event: 28.651 GC heap before
{Heap before GC invocations=32 (full 0):
 garbage-first heap   total 137216K, used 119448K [0x00000000a0000000, 0x0000000100000000)
  region size 1024K, 35 young (35840K), 2 survivors (2048K)
 Metaspace       used 81952K, committed 83776K, reserved 1179648K
  class space    used 10886K, committed 11776K, reserved 1048576K
}
Event: 28.659 GC heap after
{Heap after GC invocations=33 (full 0):
 garbage-first heap   total 137216K, used 87595K [0x00000000a0000000, 0x0000000100000000)
  region size 1024K, 4 young (4096K), 4 survivors (4096K)
 Metaspace       used 81952K, committed 83776K, reserved 1179648K
  class space    used 10886K, committed 11776K, reserved 1048576K
}
Event: 29.776 GC heap before
{Heap before GC invocations=33 (full 0):
 garbage-first heap   total 137216K, used 124459K [0x00000000a0000000, 0x0000000100000000)
  region size 1024K, 40 young (40960K), 4 survivors (4096K)
 Metaspace       used 85973K, committed 87744K, reserved 1179648K
  class space    used 11392K, committed 12288K, reserved 1048576K
}
Event: 29.790 GC heap after
{Heap after GC invocations=34 (full 0):
 garbage-first heap   total 137216K, used 88921K [0x00000000a0000000, 0x0000000100000000)
  region size 1024K, 5 young (5120K), 5 survivors (5120K)
 Metaspace       used 85973K, committed 87744K, reserved 1179648K
  class space    used 11392K, committed 12288K, reserved 1048576K
}
Event: 30.361 GC heap before
{Heap before GC invocations=34 (full 0):
 garbage-first heap   total 137216K, used 122713K [0x00000000a0000000, 0x0000000100000000)
  region size 1024K, 38 young (38912K), 5 survivors (5120K)
 Metaspace       used 86890K, committed 88704K, reserved 1179648K
  class space    used 11525K, committed 12480K, reserved 1048576K
}
Event: 30.373 GC heap after
{Heap after GC invocations=35 (full 0):
 garbage-first heap   total 137216K, used 91665K [0x00000000a0000000, 0x0000000100000000)
  region size 1024K, 5 young (5120K), 5 survivors (5120K)
 Metaspace       used 86890K, committed 88704K, reserved 1179648K
  class space    used 11525K, committed 12480K, reserved 1048576K
}

