# JRE version: OpenJDK Runtime Environment (21.0.5) (build 21.0.5+-12932927-b750.29)
# Java VM: OpenJDK 64-Bit Server VM (21.0.5+-12932927-b750.29, mixed mode, tiered, compressed oops, compressed class ptrs, g1 gc, windows-amd64)
GC Precious Log:
 CardTable entry size: 512
 Card Set container configuration: InlinePtr #cards 5 size 8 Array Of Cards #cards 12 size 40 Howl #buckets 4 coarsen threshold 1843 Howl Bitmap #cards 512 size 80 coarsen threshold 460 Card regions per heap region 1 cards per card region 2048
 CPUs: 4 total, 4 available
 Memory: 10126M
 Large Page Support: Disabled
 NUMA Support: Disabled
 Compressed Oops: Enabled (32-bit)
 Heap Region Size: 1M
 Heap Min Capacity: 8M
 Heap Initial Capacity: 160M
 Heap Max Capacity: 1536M
 Pre-touch: Disabled
 Parallel Workers: 4
 Concurrent Workers: 1
 Concurrent Refinement Workers: 4
 Periodic GC: Disabled
Heap:
 garbage-first heap   total 119808K, used 103068K [0x00000000a0000000, 0x0000000100000000)
  region size 1024K, 34 young (34816K), 2 survivors (2048K)
 Metaspace       used 70973K, committed 72704K, reserved 1114112K
  class space    used 9431K, committed 10304K, reserved 1048576K
GC Heap History (20 events):
Event: 18.966 GC heap before
{Heap before GC invocations=15 (full 0):
 garbage-first heap   total 70656K, used 62577K [0x00000000a0000000, 0x0000000100000000)
  region size 1024K, 27 young (27648K), 3 survivors (3072K)
 Metaspace       used 54316K, committed 55680K, reserved 1114112K
  class space    used 7195K, committed 7872K, reserved 1048576K
}
Event: 18.977 GC heap after
{Heap after GC invocations=16 (full 0):
 garbage-first heap   total 84992K, used 38326K [0x00000000a0000000, 0x0000000100000000)
  region size 1024K, 4 young (4096K), 4 survivors (4096K)
 Metaspace       used 54316K, committed 55680K, reserved 1114112K
  class space    used 7195K, committed 7872K, reserved 1048576K
}
Event: 20.229 GC heap before
{Heap before GC invocations=16 (full 0):
 garbage-first heap   total 84992K, used 73142K [0x00000000a0000000, 0x0000000100000000)
  region size 1024K, 38 young (38912K), 4 survivors (4096K)
 Metaspace       used 57525K, committed 59072K, reserved 1114112K
  class space    used 7765K, committed 8512K, reserved 1048576K
}
Event: 20.242 GC heap after
{Heap after GC invocations=17 (full 0):
 garbage-first heap   total 84992K, used 41022K [0x00000000a0000000, 0x0000000100000000)
  region size 1024K, 5 young (5120K), 5 survivors (5120K)
 Metaspace       used 57525K, committed 59072K, reserved 1114112K
  class space    used 7765K, committed 8512K, reserved 1048576K
}
Event: 22.266 GC heap before
{Heap before GC invocations=17 (full 0):
 garbage-first heap   total 84992K, used 73790K [0x00000000a0000000, 0x0000000100000000)
  region size 1024K, 37 young (37888K), 5 survivors (5120K)
 Metaspace       used 60427K, committed 61952K, reserved 1114112K
  class space    used 8143K, committed 8896K, reserved 1048576K
}
Event: 22.281 GC heap after
{Heap after GC invocations=18 (full 0):
 garbage-first heap   total 84992K, used 44032K [0x00000000a0000000, 0x0000000100000000)
  region size 1024K, 5 young (5120K), 5 survivors (5120K)
 Metaspace       used 60427K, committed 61952K, reserved 1114112K
  class space    used 8143K, committed 8896K, reserved 1048576K
}
Event: 23.609 GC heap before
{Heap before GC invocations=19 (full 0):
 garbage-first heap   total 84992K, used 73728K [0x00000000a0000000, 0x0000000100000000)
  region size 1024K, 35 young (35840K), 5 survivors (5120K)
 Metaspace       used 61460K, committed 63040K, reserved 1114112K
  class space    used 8258K, committed 9088K, reserved 1048576K
}
Event: 23.622 GC heap after
{Heap after GC invocations=20 (full 0):
 garbage-first heap   total 84992K, used 46548K [0x00000000a0000000, 0x0000000100000000)
  region size 1024K, 3 young (3072K), 3 survivors (3072K)
 Metaspace       used 61460K, committed 63040K, reserved 1114112K
  class space    used 8258K, committed 9088K, reserved 1048576K
}
Event: 24.855 GC heap before
{Heap before GC invocations=20 (full 0):
 garbage-first heap   total 84992K, used 75220K [0x00000000a0000000, 0x0000000100000000)
  region size 1024K, 32 young (32768K), 3 survivors (3072K)
 Metaspace       used 61744K, committed 63360K, reserved 1114112K
  class space    used 8258K, committed 9088K, reserved 1048576K
}
Event: 24.863 GC heap after
{Heap after GC invocations=21 (full 0):
 garbage-first heap   total 84992K, used 47104K [0x00000000a0000000, 0x0000000100000000)
  region size 1024K, 3 young (3072K), 3 survivors (3072K)
 Metaspace       used 61744K, committed 63360K, reserved 1114112K
  class space    used 8258K, committed 9088K, reserved 1048576K
}
Event: 25.453 GC heap before
{Heap before GC invocations=21 (full 0):
 garbage-first heap   total 84992K, used 75776K [0x00000000a0000000, 0x0000000100000000)
  region size 1024K, 32 young (32768K), 3 survivors (3072K)
 Metaspace       used 61755K, committed 63360K, reserved 1114112K
  class space    used 8259K, committed 9088K, reserved 1048576K
}
Event: 25.460 GC heap after
{Heap after GC invocations=22 (full 0):
 garbage-first heap   total 84992K, used 48047K [0x00000000a0000000, 0x0000000100000000)
  region size 1024K, 2 young (2048K), 2 survivors (2048K)
 Metaspace       used 61755K, committed 63360K, reserved 1114112K
  class space    used 8259K, committed 9088K, reserved 1048576K
}
Event: 25.990 GC heap before
{Heap before GC invocations=23 (full 0):
 garbage-first heap   total 84992K, used 77743K [0x00000000a0000000, 0x0000000100000000)
  region size 1024K, 31 young (31744K), 2 survivors (2048K)
 Metaspace       used 61947K, committed 63552K, reserved 1114112K
  class space    used 8287K, committed 9088K, reserved 1048576K
}
Event: 25.996 GC heap after
{Heap after GC invocations=24 (full 0):
 garbage-first heap   total 84992K, used 49430K [0x00000000a0000000, 0x0000000100000000)
  region size 1024K, 4 young (4096K), 4 survivors (4096K)
 Metaspace       used 61947K, committed 63552K, reserved 1114112K
  class space    used 8287K, committed 9088K, reserved 1048576K
}
Event: 26.607 GC heap before
{Heap before GC invocations=24 (full 0):
 garbage-first heap   total 84992K, used 83222K [0x00000000a0000000, 0x0000000100000000)
  region size 1024K, 24 young (24576K), 4 survivors (4096K)
 Metaspace       used 62807K, committed 64448K, reserved 1114112K
  class space    used 8408K, committed 9280K, reserved 1048576K
}
Event: 26.622 GC heap after
{Heap after GC invocations=25 (full 0):
 garbage-first heap   total 116736K, used 68962K [0x00000000a0000000, 0x0000000100000000)
  region size 1024K, 4 young (4096K), 4 survivors (4096K)
 Metaspace       used 62807K, committed 64448K, reserved 1114112K
  class space    used 8408K, committed 9280K, reserved 1048576K
}
Event: 26.779 GC heap before
{Heap before GC invocations=25 (full 0):
 garbage-first heap   total 116736K, used 77154K [0x00000000a0000000, 0x0000000100000000)
  region size 1024K, 14 young (14336K), 4 survivors (4096K)
 Metaspace       used 63509K, committed 65152K, reserved 1114112K
  class space    used 8476K, committed 9344K, reserved 1048576K
}
Event: 26.784 GC heap after
{Heap after GC invocations=26 (full 0):
 garbage-first heap   total 116736K, used 70492K [0x00000000a0000000, 0x0000000100000000)
  region size 1024K, 1 young (1024K), 1 survivors (1024K)
 Metaspace       used 63509K, committed 65152K, reserved 1114112K
  class space    used 8476K, committed 9344K, reserved 1048576K
}
Event: 27.621 GC heap before
{Heap before GC invocations=27 (full 0):
 garbage-first heap   total 119808K, used 106332K [0x00000000a0000000, 0x0000000100000000)
  region size 1024K, 35 young (35840K), 1 survivors (1024K)
 Metaspace       used 67012K, committed 68672K, reserved 1114112K
  class space    used 8889K, committed 9728K, reserved 1048576K
}
Event: 27.625 GC heap after
{Heap after GC invocations=28 (full 0):
 garbage-first heap   total 119808K, used 72348K [0x00000000a0000000, 0x0000000100000000)
  region size 1024K, 2 young (2048K), 2 survivors (2048K)
 Metaspace       used 67012K, committed 68672K, reserved 1114112K
  class space    used 8889K, committed 9728K, reserved 1048576K
}

