# JRE version: OpenJDK Runtime Environment (21.0.5) (build 21.0.5+-12932927-b750.29)
# Java VM: OpenJDK 64-Bit Server VM (21.0.5+-12932927-b750.29, mixed mode, tiered, compressed oops, compressed class ptrs, g1 gc, windows-amd64)
GC Precious Log:
 CardTable entry size: 512
 Card Set container configuration: InlinePtr #cards 5 size 8 Array Of Cards #cards 12 size 40 Howl #buckets 4 coarsen threshold 1843 Howl Bitmap #cards 512 size 80 coarsen threshold 460 Card regions per heap region 1 cards per card region 2048
 CPUs: 4 total, 4 available
 Memory: 10126M
 Large Page Support: Disabled
 NUMA Support: Disabled
 Compressed Oops: Enabled (32-bit)
 Heap Region Size: 1M
 Heap Min Capacity: 8M
 Heap Initial Capacity: 160M
 Heap Max Capacity: 1536M
 Pre-touch: Disabled
 Parallel Workers: 4
 Concurrent Workers: 1
 Concurrent Refinement Workers: 4
 Periodic GC: Disabled
Heap:
 garbage-first heap   total 171008K, used 140384K [0x00000000a0000000, 0x0000000100000000)
  region size 1024K, 45 young (46080K), 6 survivors (6144K)
 Metaspace       used 104816K, committed 106880K, reserved 1179648K
  class space    used 14220K, committed 15296K, reserved 1048576K
GC Heap History (20 events):
Event: 34.848 GC heap before
{Heap before GC invocations=31 (full 0):
 garbage-first heap   total 121856K, used 84669K [0x00000000a0000000, 0x0000000100000000)
  region size 1024K, 11 young (11264K), 5 survivors (5120K)
 Metaspace       used 72904K, committed 74688K, reserved 1114112K
  class space    used 9698K, committed 10624K, reserved 1048576K
}
Event: 34.856 GC heap after
{Heap after GC invocations=32 (full 0):
 garbage-first heap   total 121856K, used 77555K [0x00000000a0000000, 0x0000000100000000)
  region size 1024K, 2 young (2048K), 2 survivors (2048K)
 Metaspace       used 72904K, committed 74688K, reserved 1114112K
  class space    used 9698K, committed 10624K, reserved 1048576K
}
Event: 35.862 GC heap before
{Heap before GC invocations=33 (full 0):
 garbage-first heap   total 132096K, used 110323K [0x00000000a0000000, 0x0000000100000000)
  region size 1024K, 33 young (33792K), 2 survivors (2048K)
 Metaspace       used 75612K, committed 77376K, reserved 1179648K
  class space    used 10051K, committed 10944K, reserved 1048576K
}
Event: 35.867 GC heap after
{Heap after GC invocations=34 (full 0):
 garbage-first heap   total 132096K, used 79686K [0x00000000a0000000, 0x0000000100000000)
  region size 1024K, 3 young (3072K), 3 survivors (3072K)
 Metaspace       used 75612K, committed 77376K, reserved 1179648K
  class space    used 10051K, committed 10944K, reserved 1048576K
}
Event: 37.162 GC heap before
{Heap before GC invocations=34 (full 0):
 garbage-first heap   total 132096K, used 120646K [0x00000000a0000000, 0x0000000100000000)
  region size 1024K, 40 young (40960K), 3 survivors (3072K)
 Metaspace       used 79848K, committed 81600K, reserved 1179648K
  class space    used 10600K, committed 11456K, reserved 1048576K
}
Event: 37.176 GC heap after
{Heap after GC invocations=35 (full 0):
 garbage-first heap   total 132096K, used 86351K [0x00000000a0000000, 0x0000000100000000)
  region size 1024K, 5 young (5120K), 5 survivors (5120K)
 Metaspace       used 79848K, committed 81600K, reserved 1179648K
  class space    used 10600K, committed 11456K, reserved 1048576K
}
Event: 38.277 GC heap before
{Heap before GC invocations=35 (full 0):
 garbage-first heap   total 132096K, used 119119K [0x00000000a0000000, 0x0000000100000000)
  region size 1024K, 37 young (37888K), 5 survivors (5120K)
 Metaspace       used 83950K, committed 85760K, reserved 1179648K
  class space    used 11131K, committed 12096K, reserved 1048576K
}
Event: 38.286 GC heap after
{Heap after GC invocations=36 (full 0):
 garbage-first heap   total 132096K, used 87569K [0x00000000a0000000, 0x0000000100000000)
  region size 1024K, 4 young (4096K), 4 survivors (4096K)
 Metaspace       used 83950K, committed 85760K, reserved 1179648K
  class space    used 11131K, committed 12096K, reserved 1048576K
}
Event: 39.368 GC heap before
{Heap before GC invocations=37 (full 0):
 garbage-first heap   total 147456K, used 119313K [0x00000000a0000000, 0x0000000100000000)
  region size 1024K, 35 young (35840K), 4 survivors (4096K)
 Metaspace       used 86565K, committed 88384K, reserved 1179648K
  class space    used 11482K, committed 12416K, reserved 1048576K
}
Event: 39.377 GC heap after
{Heap after GC invocations=38 (full 0):
 garbage-first heap   total 147456K, used 89255K [0x00000000a0000000, 0x0000000100000000)
  region size 1024K, 4 young (4096K), 4 survivors (4096K)
 Metaspace       used 86565K, committed 88384K, reserved 1179648K
  class space    used 11482K, committed 12416K, reserved 1048576K
}
Event: 40.742 GC heap before
{Heap before GC invocations=38 (full 0):
 garbage-first heap   total 147456K, used 134311K [0x00000000a0000000, 0x0000000100000000)
  region size 1024K, 48 young (49152K), 4 survivors (4096K)
 Metaspace       used 87363K, committed 89280K, reserved 1179648K
  class space    used 11589K, committed 12544K, reserved 1048576K
}
Event: 40.755 GC heap after
{Heap after GC invocations=39 (full 0):
 garbage-first heap   total 147456K, used 93541K [0x00000000a0000000, 0x0000000100000000)
  region size 1024K, 6 young (6144K), 6 survivors (6144K)
 Metaspace       used 87363K, committed 89280K, reserved 1179648K
  class space    used 11589K, committed 12544K, reserved 1048576K
}
Event: 41.362 GC heap before
{Heap before GC invocations=39 (full 0):
 garbage-first heap   total 147456K, used 120165K [0x00000000a0000000, 0x0000000100000000)
  region size 1024K, 33 young (33792K), 6 survivors (6144K)
 Metaspace       used 89659K, committed 91648K, reserved 1179648K
  class space    used 11910K, committed 12928K, reserved 1048576K
}
Event: 41.372 GC heap after
{Heap after GC invocations=40 (full 0):
 garbage-first heap   total 147456K, used 95367K [0x00000000a0000000, 0x0000000100000000)
  region size 1024K, 2 young (2048K), 2 survivors (2048K)
 Metaspace       used 89659K, committed 91648K, reserved 1179648K
  class space    used 11910K, committed 12928K, reserved 1048576K
}
Event: 43.026 GC heap before
{Heap before GC invocations=41 (full 0):
 garbage-first heap   total 162816K, used 136327K [0x00000000a0000000, 0x0000000100000000)
  region size 1024K, 41 young (41984K), 2 survivors (2048K)
 Metaspace       used 93117K, committed 95040K, reserved 1179648K
  class space    used 12532K, committed 13504K, reserved 1048576K
}
Event: 43.034 GC heap after
{Heap after GC invocations=42 (full 0):
 garbage-first heap   total 162816K, used 96196K [0x00000000a0000000, 0x0000000100000000)
  region size 1024K, 3 young (3072K), 3 survivors (3072K)
 Metaspace       used 93117K, committed 95040K, reserved 1179648K
  class space    used 12532K, committed 13504K, reserved 1048576K
}
Event: 44.422 GC heap before
{Heap before GC invocations=42 (full 0):
 garbage-first heap   total 162816K, used 149444K [0x00000000a0000000, 0x0000000100000000)
  region size 1024K, 55 young (56320K), 3 survivors (3072K)
 Metaspace       used 97365K, committed 99328K, reserved 1179648K
  class space    used 13133K, committed 14144K, reserved 1048576K
}
Event: 44.434 GC heap after
{Heap after GC invocations=43 (full 0):
 garbage-first heap   total 162816K, used 98442K [0x00000000a0000000, 0x0000000100000000)
  region size 1024K, 6 young (6144K), 6 survivors (6144K)
 Metaspace       used 97365K, committed 99328K, reserved 1179648K
  class space    used 13133K, committed 14144K, reserved 1048576K
}
Event: 46.328 GC heap before
{Heap before GC invocations=43 (full 0):
 garbage-first heap   total 162816K, used 146570K [0x00000000a0000000, 0x0000000100000000)
  region size 1024K, 53 young (54272K), 6 survivors (6144K)
 Metaspace       used 101432K, committed 103488K, reserved 1179648K
  class space    used 13751K, committed 14784K, reserved 1048576K
}
Event: 46.346 GC heap after
{Heap after GC invocations=44 (full 0):
 garbage-first heap   total 162816K, used 101472K [0x00000000a0000000, 0x0000000100000000)
  region size 1024K, 6 young (6144K), 6 survivors (6144K)
 Metaspace       used 101432K, committed 103488K, reserved 1179648K
  class space    used 13751K, committed 14784K, reserved 1048576K
}

