# JRE version: OpenJDK Runtime Environment (21.0.5) (build 21.0.5+-12932927-b750.29)
# Java VM: OpenJDK 64-Bit Server VM (21.0.5+-12932927-b750.29, mixed mode, tiered, compressed oops, compressed class ptrs, g1 gc, windows-amd64)
GC Precious Log:
 CardTable entry size: 512
 Card Set container configuration: InlinePtr #cards 5 size 8 Array Of Cards #cards 12 size 40 Howl #buckets 4 coarsen threshold 1843 Howl Bitmap #cards 512 size 80 coarsen threshold 460 Card regions per heap region 1 cards per card region 2048
 CPUs: 4 total, 4 available
 Memory: 10126M
 Large Page Support: Disabled
 NUMA Support: Disabled
 Compressed Oops: Enabled (32-bit)
 Heap Region Size: 1M
 Heap Min Capacity: 8M
 Heap Initial Capacity: 160M
 Heap Max Capacity: 1536M
 Pre-touch: Disabled
 Parallel Workers: 4
 Concurrent Workers: 1
 Concurrent Refinement Workers: 4
 Periodic GC: Disabled
Heap:
 garbage-first heap   total 135168K, used 107445K [0x00000000a0000000, 0x0000000100000000)
  region size 1024K, 33 young (33792K), 5 survivors (5120K)
 Metaspace       used 76981K, committed 78784K, reserved 1179648K
  class space    used 10200K, committed 11136K, reserved 1048576K
GC Heap History (20 events):
Event: 19.007 GC heap before
{Heap before GC invocations=19 (full 0):
 garbage-first heap   total 84992K, used 73306K [0x00000000a0000000, 0x0000000100000000)
  region size 1024K, 35 young (35840K), 5 survivors (5120K)
 Metaspace       used 61487K, committed 63104K, reserved 1114112K
  class space    used 8270K, committed 9088K, reserved 1048576K
}
Event: 19.019 GC heap after
{Heap after GC invocations=20 (full 0):
 garbage-first heap   total 84992K, used 46295K [0x00000000a0000000, 0x0000000100000000)
  region size 1024K, 3 young (3072K), 3 survivors (3072K)
 Metaspace       used 61487K, committed 63104K, reserved 1114112K
  class space    used 8270K, committed 9088K, reserved 1048576K
}
Event: 20.113 GC heap before
{Heap before GC invocations=20 (full 0):
 garbage-first heap   total 84992K, used 74967K [0x00000000a0000000, 0x0000000100000000)
  region size 1024K, 32 young (32768K), 3 survivors (3072K)
 Metaspace       used 61750K, committed 63360K, reserved 1114112K
  class space    used 8270K, committed 9088K, reserved 1048576K
}
Event: 20.120 GC heap after
{Heap after GC invocations=21 (full 0):
 garbage-first heap   total 84992K, used 46931K [0x00000000a0000000, 0x0000000100000000)
  region size 1024K, 3 young (3072K), 3 survivors (3072K)
 Metaspace       used 61750K, committed 63360K, reserved 1114112K
  class space    used 8270K, committed 9088K, reserved 1048576K
}
Event: 20.765 GC heap before
{Heap before GC invocations=21 (full 0):
 garbage-first heap   total 84992K, used 76627K [0x00000000a0000000, 0x0000000100000000)
  region size 1024K, 32 young (32768K), 3 survivors (3072K)
 Metaspace       used 61765K, committed 63360K, reserved 1114112K
  class space    used 8270K, committed 9088K, reserved 1048576K
}
Event: 20.776 GC heap after
{Heap after GC invocations=22 (full 0):
 garbage-first heap   total 84992K, used 48127K [0x00000000a0000000, 0x0000000100000000)
  region size 1024K, 3 young (3072K), 3 survivors (3072K)
 Metaspace       used 61765K, committed 63360K, reserved 1114112K
  class space    used 8270K, committed 9088K, reserved 1048576K
}
Event: 21.502 GC heap before
{Heap before GC invocations=23 (full 0):
 garbage-first heap   total 84992K, used 74751K [0x00000000a0000000, 0x0000000100000000)
  region size 1024K, 30 young (30720K), 3 survivors (3072K)
 Metaspace       used 61950K, committed 63488K, reserved 1114112K
  class space    used 8299K, committed 9088K, reserved 1048576K
}
Event: 21.509 GC heap after
{Heap after GC invocations=24 (full 0):
 garbage-first heap   total 84992K, used 49643K [0x00000000a0000000, 0x0000000100000000)
  region size 1024K, 4 young (4096K), 4 survivors (4096K)
 Metaspace       used 61950K, committed 63488K, reserved 1114112K
  class space    used 8299K, committed 9088K, reserved 1048576K
}
Event: 22.335 GC heap before
{Heap before GC invocations=24 (full 0):
 garbage-first heap   total 84992K, used 83435K [0x00000000a0000000, 0x0000000100000000)
  region size 1024K, 24 young (24576K), 4 survivors (4096K)
 Metaspace       used 62720K, committed 64384K, reserved 1114112K
  class space    used 8400K, committed 9216K, reserved 1048576K
}
Event: 22.347 GC heap after
{Heap after GC invocations=25 (full 0):
 garbage-first heap   total 96256K, used 69136K [0x00000000a0000000, 0x0000000100000000)
  region size 1024K, 4 young (4096K), 4 survivors (4096K)
 Metaspace       used 62720K, committed 64384K, reserved 1114112K
  class space    used 8400K, committed 9216K, reserved 1048576K
}
Event: 22.624 GC heap before
{Heap before GC invocations=25 (full 0):
 garbage-first heap   total 96256K, used 77328K [0x00000000a0000000, 0x0000000100000000)
  region size 1024K, 14 young (14336K), 4 survivors (4096K)
 Metaspace       used 63510K, committed 65216K, reserved 1114112K
  class space    used 8487K, committed 9344K, reserved 1048576K
}
Event: 22.629 GC heap after
{Heap after GC invocations=26 (full 0):
 garbage-first heap   total 115712K, used 70807K [0x00000000a0000000, 0x0000000100000000)
  region size 1024K, 1 young (1024K), 1 survivors (1024K)
 Metaspace       used 63510K, committed 65216K, reserved 1114112K
  class space    used 8487K, committed 9344K, reserved 1048576K
}
Event: 24.152 GC heap before
{Heap before GC invocations=27 (full 0):
 garbage-first heap   total 121856K, used 104599K [0x00000000a0000000, 0x0000000100000000)
  region size 1024K, 34 young (34816K), 1 survivors (1024K)
 Metaspace       used 66844K, committed 68544K, reserved 1114112K
  class space    used 8893K, committed 9728K, reserved 1048576K
}
Event: 24.158 GC heap after
{Heap after GC invocations=28 (full 0):
 garbage-first heap   total 121856K, used 72696K [0x00000000a0000000, 0x0000000100000000)
  region size 1024K, 2 young (2048K), 2 survivors (2048K)
 Metaspace       used 66844K, committed 68544K, reserved 1114112K
  class space    used 8893K, committed 9728K, reserved 1048576K
}
Event: 25.332 GC heap before
{Heap before GC invocations=28 (full 0):
 garbage-first heap   total 121856K, used 110584K [0x00000000a0000000, 0x0000000100000000)
  region size 1024K, 39 young (39936K), 2 survivors (2048K)
 Metaspace       used 71434K, committed 73216K, reserved 1114112K
  class space    used 9518K, committed 10432K, reserved 1048576K
}
Event: 25.341 GC heap after
{Heap after GC invocations=29 (full 0):
 garbage-first heap   total 121856K, used 73927K [0x00000000a0000000, 0x0000000100000000)
  region size 1024K, 4 young (4096K), 4 survivors (4096K)
 Metaspace       used 71434K, committed 73216K, reserved 1114112K
  class space    used 9518K, committed 10432K, reserved 1048576K
}
Event: 25.614 GC heap before
{Heap before GC invocations=29 (full 0):
 garbage-first heap   total 121856K, used 81095K [0x00000000a0000000, 0x0000000100000000)
  region size 1024K, 12 young (12288K), 4 survivors (4096K)
 Metaspace       used 72898K, committed 74624K, reserved 1114112K
  class space    used 9686K, committed 10560K, reserved 1048576K
}
Event: 25.621 GC heap after
{Heap after GC invocations=30 (full 0):
 garbage-first heap   total 121856K, used 75565K [0x00000000a0000000, 0x0000000100000000)
  region size 1024K, 5 young (5120K), 5 survivors (5120K)
 Metaspace       used 72898K, committed 74624K, reserved 1114112K
  class space    used 9686K, committed 10560K, reserved 1048576K
}
Event: 26.607 GC heap before
{Heap before GC invocations=31 (full 0):
 garbage-first heap   total 135168K, used 112429K [0x00000000a0000000, 0x0000000100000000)
  region size 1024K, 36 young (36864K), 5 survivors (5120K)
 Metaspace       used 74747K, committed 76480K, reserved 1179648K
  class space    used 9934K, committed 10816K, reserved 1048576K
}
Event: 26.617 GC heap after
{Heap after GC invocations=32 (full 0):
 garbage-first heap   total 135168K, used 79797K [0x00000000a0000000, 0x0000000100000000)
  region size 1024K, 5 young (5120K), 5 survivors (5120K)
 Metaspace       used 74747K, committed 76480K, reserved 1179648K
  class space    used 9934K, committed 10816K, reserved 1048576K
}

